  03 - materials.cpp
03 - materials.obj : error LNK2019: unresolved external symbol gladLoadGLLoader referenced in function main
03 - materials.obj : error LNK2001: unresolved external symbol glad_glClear
03 - materials.obj : error LNK2001: unresolved external symbol glad_glClearColor
03 - materials.obj : error LNK2001: unresolved external symbol glad_glEnable
03 - materials.obj : error LNK2001: unresolved external symbol glad_glViewport
03 - materials.obj : error LNK2001: unresolved external symbol glad_glDrawArrays
03 - materials.obj : error LNK2001: unresolved external symbol glad_glBindBuffer
03 - materials.obj : error LNK2001: unresolved external symbol glad_glDeleteBuffers
03 - materials.obj : error LNK2001: unresolved external symbol glad_glGenBuffers
03 - materials.obj : error LNK2001: unresolved external symbol glad_glBufferData
03 - materials.obj : error LNK2001: unresolved external symbol glad_glAttachShader
03 - materials.obj : error LNK2001: unresolved external symbol glad_glCompileShader
03 - materials.obj : error LNK2001: unresolved external symbol glad_glCreateProgram
03 - materials.obj : error LNK2001: unresolved external symbol glad_glCreateShader
03 - materials.obj : error LNK2001: unresolved external symbol glad_glDeleteShader
03 - materials.obj : error LNK2001: unresolved external symbol glad_glEnableVertexAttribArray
03 - materials.obj : error LNK2001: unresolved external symbol glad_glGetProgramiv
03 - materials.obj : error LNK2001: unresolved external symbol glad_glGetProgramInfoLog
03 - materials.obj : error LNK2001: unresolved external symbol glad_glGetShaderiv
03 - materials.obj : error LNK2001: unresolved external symbol glad_glGetShaderInfoLog
03 - materials.obj : error LNK2001: unresolved external symbol glad_glGetUniformLocation
03 - materials.obj : error LNK2001: unresolved external symbol glad_glLinkProgram
03 - materials.obj : error LNK2001: unresolved external symbol glad_glShaderSource
03 - materials.obj : error LNK2001: unresolved external symbol glad_glUseProgram
03 - materials.obj : error LNK2001: unresolved external symbol glad_glUniform3f
03 - materials.obj : error LNK2001: unresolved external symbol glad_glUniform3fv
03 - materials.obj : error LNK2001: unresolved external symbol glad_glUniformMatrix4fv
03 - materials.obj : error LNK2001: unresolved external symbol glad_glVertexAttribPointer
03 - materials.obj : error LNK2001: unresolved external symbol glad_glBindVertexArray
03 - materials.obj : error LNK2001: unresolved external symbol glad_glDeleteVertexArrays
03 - materials.obj : error LNK2001: unresolved external symbol glad_glGenVertexArrays
C:\Users\Mctri\Workspaces\visual-studio-workspace\OpenGL\learnopengl\02 - Lighting\03 - materials\x64\Debug\03 - materials.exe : fatal error LNK1120: 31 unresolved externals
